12:57:55.087 INFO  G.B.controller.BookApiControllerTest - Starting BookApiControllerTest using Java 15.0.3 on gojaeui-MacBook-Pro.local with PID 18139 (started by gojae in /Users/gojae/Downloads/BookRecord)
12:57:55.088 INFO  G.B.controller.BookApiControllerTest - No active profile set, falling back to default profiles: default
12:57:57.601 INFO  G.B.controller.BookApiControllerTest - Started BookApiControllerTest in 2.55 seconds (JVM running for 15.03)
12:57:57.674 INFO  G.B.controller.BookApiController - TABLE books에 책 정보[id:154, title:데미안, author:헤르만 헤세, publisher:더클래식]가 생성되었습니다. (생성시점: 2021-06-14T12:57:57.658051)
12:57:58.157 INFO  G.B.controller.BookApiController - TABLE books에 책 정보[id:155, title:바깥은 겨울, author:김애란, publisher:문학동네]가 생성되었습니다. (생성시점: 2021-06-14T12:57:58.145107)
12:57:58.175 INFO  G.B.controller.BookApiController - TABLE books의 id:155의 책 정보[title:바깥은 겨울, author:김애란, publisher:문학동네]가 [title:바깥은 여름, author:김애란, publisher:문학동네]로 2021-06-14T12:57:58.145107에 수정되었습니다. (생성시점: 2021-06-14T12:57:58.145107)
12:57:58.255 INFO  G.B.controller.BookApiController - TABLE books에 책 정보[id:156, title:바깥은 여름, author:김애란, publisher:문학동네]가 생성되었습니다. (생성시점: 2021-06-14T12:57:58.247051)
12:57:58.418 INFO  G.B.controller.BookApiController - TABLE books에 책 정보[id:157, title:월급쟁이 재테크 상식사전, author:우용표, publisher:길벗]가 생성되었습니다. (생성시점: 2021-06-14T12:57:58.398491)
12:57:58.497 INFO  G.B.controller.BookApiController - TABLE books에 책 정보[id:158, title:오만과 편견, author:제인 오스틴, publisher:동해출판]가 생성되었습니다. (생성시점: 2021-06-14T12:57:58.491218)
12:57:58.518 INFO  G.B.controller.BookApiController - TABLE books에 책 정보[id:159, title:바깥은 여름, author:김애란, publisher:문학동네]가 생성되었습니다. (생성시점: 2021-06-14T12:57:58.510261)
12:57:58.540 INFO  G.B.controller.BookApiController - TABLE books에 책 정보[id:160, title:데미안, author:헤르만 헤세, publisher:더클래식]가 생성되었습니다. (생성시점: 2021-06-14T12:57:58.527902)
12:57:58.561 INFO  G.B.controller.BookApiController - TABLE books에 책 정보[id:161, title:우울할 땐 뇌과학, author:앨릭스 코브, publisher:심심]가 생성되었습니다. (생성시점: 2021-06-14T12:57:58.554202)
12:57:58.579 INFO  G.B.controller.BookApiController - TABLE books에 책 정보[id:162, title:월급쟁이 재테크 상식사전, author:우용표, publisher:길벗]가 생성되었습니다. (생성시점: 2021-06-14T12:57:58.571742)
12:57:58.594 INFO  G.B.controller.BookApiController - TABLE books에 책 정보[id:163, title:읽기 좋은 코드가 좋은 코드다, author:더스틴 보즈웰, publisher:한빛미디어]가 생성되었습니다. (생성시점: 2021-06-14T12:57:58.589234)
12:57:58.748 INFO  G.B.controller.BookApiController - TABLE books에 책 정보[id:164, title:데미안, author:헤르만 헤세, publisher:더클래식]가 생성되었습니다. (생성시점: 2021-06-14T12:57:58.741389)
12:57:58.888 INFO  G.B.controller.MemberApiController - TABLE members에 사용자 정보[id:92, name:taewoo, email:taewoo@naver.com]가 생성되었습니다. (생성시점: 2021-06-14T12:57:58.864729)
12:57:58.909 INFO  G.B.controller.MemberApiController - TABLE members에 사용자 정보[id:93, name:재헌, email:jaeheon@woowan.com]가 생성되었습니다. (생성시점: 2021-06-14T12:57:58.896982)
12:57:58.929 INFO  G.B.controller.MemberApiController - TABLE members에 사용자 정보[id:94, name:구구, email:goo123@google.com]가 생성되었습니다. (생성시점: 2021-06-14T12:57:58.922761)
12:57:58.946 INFO  G.B.controller.MemberApiController - TABLE members에 사용자 정보[id:95, name:아이유, email:iu@iu.co.kr]가 생성되었습니다. (생성시점: 2021-06-14T12:57:58.939740)
12:57:58.967 INFO  G.B.controller.MemberApiController - TABLE members에 사용자 정보[id:96, name:미네랄, email:mineral@costco.com]가 생성되었습니다. (생성시점: 2021-06-14T12:57:58.959052)
12:57:58.981 INFO  G.B.controller.MemberApiController - TABLE members에 사용자 정보[id:97, name:Rafael, email:nadal@gmail.com]가 생성되었습니다. (생성시점: 2021-06-14T12:57:58.976152)
12:57:59.244 INFO  G.B.controller.MemberApiController - TABLE members에 사용자 정보[id:98, name:고재헌, email:gojaeheon@woowahan.com]가 생성되었습니다. (생성시점: 2021-06-14T12:57:59.230007)
12:57:59.257 INFO  G.B.controller.MemberApiController - TABLE members의 id:98의 사용자 정보[name:고재헌]가 [name:고재신]로 2021-06-14T12:57:59.230007에 수정되었습니다. (생성시점: 2021-06-14T12:57:59.230007)
12:57:59.310 INFO  G.B.controller.MemberApiController - TABLE members에 사용자 정보[id:99, name:고재헌, email:gojaeheon@woowahan.com]가 생성되었습니다. (생성시점: 2021-06-14T12:57:59.304644)
12:57:59.401 INFO  G.B.controller.MemberApiController - TABLE members에 사용자 정보[id:100, name:고재헌, email:gojaeheon@woowahan.com]가 생성되었습니다. (생성시점: 2021-06-14T12:57:59.393456)
12:57:59.460 INFO  G.B.controller.MemberApiController - TABLE members에 사용자 정보[id:101, name:고재헌, email:gojaeheon@woowahan.com]가 생성되었습니다. (생성시점: 2021-06-14T12:57:59.453317)
12:57:59.512 INFO  G.B.controller.MemberApiController - TABLE members에 사용자 정보[id:102, name:고재헌, email:gojaeheon@woowahan.com]가 생성되었습니다. (생성시점: 2021-06-14T12:57:59.507451)
12:57:59.707 INFO  G.B.controller.ContentApiController - TABLE contents에 발췌문 정보[id:92, member_id:1, book_id:1, extracted_page:20, extracted_content:발췌내용 1]가 생성되었습니다. (생성시점: 2021-06-14T12:57:59.698255)
12:57:59.715 INFO  G.B.controller.ContentApiController - TABLE contents에 발췌문 정보[id:93, member_id:2, book_id:2, extracted_page:100, extracted_content:발췌내용 2]가 생성되었습니다. (생성시점: 2021-06-14T12:57:59.708715)
12:57:59.725 INFO  G.B.controller.ContentApiController - TABLE contents에 발췌문 정보[id:94, member_id:3, book_id:3, extracted_page:200, extracted_content:발췌내용 3]가 생성되었습니다. (생성시점: 2021-06-14T12:57:59.718988)
12:57:59.731 INFO  G.B.controller.ContentApiController - TABLE contents에 발췌문 정보[id:95, member_id:4, book_id:4, extracted_page:300, extracted_content:발췌내용 4]가 생성되었습니다. (생성시점: 2021-06-14T12:57:59.726020)
12:57:59.743 INFO  G.B.controller.ContentApiController - TABLE contents에 발췌문 정보[id:96, member_id:5, book_id:5, extracted_page:400, extracted_content:발췌내용 5]가 생성되었습니다. (생성시점: 2021-06-14T12:57:59.737727)
12:57:59.755 INFO  G.B.controller.ContentApiController - TABLE contents에 발췌문 정보[id:97, member_id:6, book_id:6, extracted_page:777, extracted_content:발췌내용 6]가 생성되었습니다. (생성시점: 2021-06-14T12:57:59.744777)
12:57:59.856 INFO  G.B.controller.ContentApiController - TABLE contents에 발췌문 정보[id:98, member_id:1, book_id:1, extracted_page:100, extracted_content:발췌 내용]가 생성되었습니다. (생성시점: 2021-06-14T12:57:59.846166)
12:57:59.862 INFO  G.B.controller.ContentApiController - TABLE contents의 id:98의 발췌문 정보[extracted_page:100, extracted_contents:발췌 내용]가 [extracted_page:150, extracted_contents:발췌 내용 수정]로 2021-06-14T12:57:59.846166에 수정되었습니다. (생성시점: 2021-06-14T12:57:59.846166)
12:57:59.978 INFO  G.B.controller.ContentApiController - TABLE contents에 발췌문 정보[id:99, member_id:1, book_id:1, extracted_page:100, extracted_content:발췌 내용]가 생성되었습니다. (생성시점: 2021-06-14T12:57:59.974255)
12:58:00.024 INFO  G.B.controller.ContentApiController - TABLE contents에 발췌문 정보[id:100, member_id:1, book_id:1, extracted_page:100, extracted_content:발췌 내용]가 생성되었습니다. (생성시점: 2021-06-14T12:58:00.019990)
12:58:00.108 INFO  G.B.controller.ContentApiController - TABLE contents에 발췌문 정보[id:101, member_id:1, book_id:1, extracted_page:100, extracted_content:발췌 내용]가 생성되었습니다. (생성시점: 2021-06-14T12:58:00.098225)
13:31:51.737 INFO  G.B.controller.BookApiControllerTest - Starting BookApiControllerTest using Java 15.0.3 on gojaeui-MacBook-Pro.local with PID 18538 (started by gojae in /Users/gojae/Downloads/BookRecord)
13:31:51.738 INFO  G.B.controller.BookApiControllerTest - No active profile set, falling back to default profiles: default
13:35:47.945 INFO  G.B.controller.BookApiControllerTest - Starting BookApiControllerTest using Java 15.0.3 on gojaeui-MacBook-Pro.local with PID 18608 (started by gojae in /Users/gojae/Downloads/BookRecord)
13:35:47.947 INFO  G.B.controller.BookApiControllerTest - No active profile set, falling back to default profiles: default
13:35:50.504 INFO  G.B.controller.BookApiControllerTest - Started BookApiControllerTest in 2.609 seconds (JVM running for 15.691)
13:35:50.605 INFO  G.B.controller.BookApiController - TABLE books에 책 정보[id:4, title:데미안, author:헤르만 헤세, publisher:더클래식]가 생성되었습니다. (생성시점: 2021-06-14T13:35:50.584217)
13:35:51.163 INFO  G.B.controller.BookApiController - TABLE books에 책 정보[id:5, title:바깥은 겨울, author:김애란, publisher:문학동네]가 생성되었습니다. (생성시점: 2021-06-14T13:35:51.157741)
13:35:51.183 INFO  G.B.controller.BookApiController - TABLE books의 id:5의 책 정보[title:바깥은 겨울, author:김애란, publisher:문학동네]가 [title:바깥은 여름, author:김애란, publisher:문학동네]로 2021-06-14T13:35:51.157741에 수정되었습니다. (생성시점: 2021-06-14T13:35:51.157741)
13:35:51.258 INFO  G.B.controller.BookApiController - TABLE books에 책 정보[id:6, title:바깥은 여름, author:김애란, publisher:문학동네]가 생성되었습니다. (생성시점: 2021-06-14T13:35:51.253232)
13:35:51.346 INFO  G.B.controller.BookApiController - TABLE books에 책 정보[id:7, title:월급쟁이 재테크 상식사전, author:우용표, publisher:길벗]가 생성되었습니다. (생성시점: 2021-06-14T13:35:51.341304)
13:35:51.389 INFO  G.B.controller.BookApiController - TABLE books에 책 정보[id:8, title:오만과 편견, author:제인 오스틴, publisher:동해출판]가 생성되었습니다. (생성시점: 2021-06-14T13:35:51.384555)
13:35:51.407 INFO  G.B.controller.BookApiController - TABLE books에 책 정보[id:9, title:바깥은 여름, author:김애란, publisher:문학동네]가 생성되었습니다. (생성시점: 2021-06-14T13:35:51.400575)
13:35:51.429 INFO  G.B.controller.BookApiController - TABLE books에 책 정보[id:10, title:데미안, author:헤르만 헤세, publisher:더클래식]가 생성되었습니다. (생성시점: 2021-06-14T13:35:51.422393)
13:35:51.444 INFO  G.B.controller.BookApiController - TABLE books에 책 정보[id:11, title:우울할 땐 뇌과학, author:앨릭스 코브, publisher:심심]가 생성되었습니다. (생성시점: 2021-06-14T13:35:51.437020)
13:35:51.460 INFO  G.B.controller.BookApiController - TABLE books에 책 정보[id:12, title:월급쟁이 재테크 상식사전, author:우용표, publisher:길벗]가 생성되었습니다. (생성시점: 2021-06-14T13:35:51.455209)
13:35:51.472 INFO  G.B.controller.BookApiController - TABLE books에 책 정보[id:13, title:읽기 좋은 코드가 좋은 코드다, author:더스틴 보즈웰, publisher:한빛미디어]가 생성되었습니다. (생성시점: 2021-06-14T13:35:51.467536)
13:35:51.605 INFO  G.B.controller.BookApiController - TABLE books에 책 정보[id:14, title:데미안, author:헤르만 헤세, publisher:더클래식]가 생성되었습니다. (생성시점: 2021-06-14T13:35:51.600139)
13:35:51.737 INFO  G.B.controller.MemberApiController - TABLE members에 사용자 정보[id:3, name:taewoo, email:taewoo@naver.com]가 생성되었습니다. (생성시점: 2021-06-14T13:35:51.713172)
13:35:51.753 INFO  G.B.controller.MemberApiController - TABLE members에 사용자 정보[id:4, name:재헌, email:jaeheon@woowan.com]가 생성되었습니다. (생성시점: 2021-06-14T13:35:51.745953)
13:35:51.766 INFO  G.B.controller.MemberApiController - TABLE members에 사용자 정보[id:5, name:구구, email:goo123@google.com]가 생성되었습니다. (생성시점: 2021-06-14T13:35:51.760677)
13:35:51.779 INFO  G.B.controller.MemberApiController - TABLE members에 사용자 정보[id:6, name:아이유, email:iu@iu.co.kr]가 생성되었습니다. (생성시점: 2021-06-14T13:35:51.772991)
13:35:51.800 INFO  G.B.controller.MemberApiController - TABLE members에 사용자 정보[id:7, name:미네랄, email:mineral@costco.com]가 생성되었습니다. (생성시점: 2021-06-14T13:35:51.787884)
13:35:51.821 INFO  G.B.controller.MemberApiController - TABLE members에 사용자 정보[id:8, name:Rafael, email:nadal@gmail.com]가 생성되었습니다. (생성시점: 2021-06-14T13:35:51.812402)
13:35:52.091 INFO  G.B.controller.MemberApiController - TABLE members에 사용자 정보[id:9, name:고재헌, email:gojaeheon@woowahan.com]가 생성되었습니다. (생성시점: 2021-06-14T13:35:52.085793)
13:35:52.103 INFO  G.B.controller.MemberApiController - TABLE members의 id:9의 사용자 정보[name:고재헌]가 [name:고재신]로 2021-06-14T13:35:52.085793에 수정되었습니다. (생성시점: 2021-06-14T13:35:52.085793)
13:35:52.156 INFO  G.B.controller.MemberApiController - TABLE members에 사용자 정보[id:10, name:고재헌, email:gojaeheon@woowahan.com]가 생성되었습니다. (생성시점: 2021-06-14T13:35:52.149869)
13:35:52.208 INFO  G.B.controller.MemberApiController - TABLE members에 사용자 정보[id:11, name:고재헌, email:gojaeheon@woowahan.com]가 생성되었습니다. (생성시점: 2021-06-14T13:35:52.201580)
13:35:52.254 INFO  G.B.controller.MemberApiController - TABLE members에 사용자 정보[id:12, name:고재헌, email:gojaeheon@woowahan.com]가 생성되었습니다. (생성시점: 2021-06-14T13:35:52.248613)
13:35:52.298 INFO  G.B.controller.MemberApiController - TABLE members에 사용자 정보[id:13, name:고재헌, email:gojaeheon@woowahan.com]가 생성되었습니다. (생성시점: 2021-06-14T13:35:52.292444)
13:35:52.455 INFO  G.B.controller.ContentApiController - TABLE contents에 발췌문 정보[id:2, member_id:1, book_id:1, extracted_page:20, extracted_content:발췌내용 1]가 생성되었습니다. (생성시점: 2021-06-14T13:35:52.449235)
13:35:52.461 INFO  G.B.controller.ContentApiController - TABLE contents에 발췌문 정보[id:3, member_id:2, book_id:2, extracted_page:100, extracted_content:발췌내용 2]가 생성되었습니다. (생성시점: 2021-06-14T13:35:52.456509)
13:35:52.472 INFO  G.B.controller.ContentApiController - TABLE contents에 발췌문 정보[id:4, member_id:3, book_id:3, extracted_page:200, extracted_content:발췌내용 3]가 생성되었습니다. (생성시점: 2021-06-14T13:35:52.462656)
13:35:52.480 INFO  G.B.controller.ContentApiController - TABLE contents에 발췌문 정보[id:5, member_id:4, book_id:4, extracted_page:300, extracted_content:발췌내용 4]가 생성되었습니다. (생성시점: 2021-06-14T13:35:52.473482)
13:35:52.490 INFO  G.B.controller.ContentApiController - TABLE contents에 발췌문 정보[id:6, member_id:5, book_id:5, extracted_page:400, extracted_content:발췌내용 5]가 생성되었습니다. (생성시점: 2021-06-14T13:35:52.484141)
13:35:52.502 INFO  G.B.controller.ContentApiController - TABLE contents에 발췌문 정보[id:7, member_id:6, book_id:6, extracted_page:777, extracted_content:발췌내용 6]가 생성되었습니다. (생성시점: 2021-06-14T13:35:52.491056)
13:35:52.584 INFO  G.B.controller.ContentApiController - TABLE contents에 발췌문 정보[id:8, member_id:1, book_id:1, extracted_page:100, extracted_content:발췌 내용]가 생성되었습니다. (생성시점: 2021-06-14T13:35:52.578514)
13:35:52.592 INFO  G.B.controller.ContentApiController - TABLE contents의 id:8의 발췌문 정보[extracted_page:100, extracted_contents:발췌 내용]가 [extracted_page:150, extracted_contents:발췌 내용 수정]로 2021-06-14T13:35:52.578514에 수정되었습니다. (생성시점: 2021-06-14T13:35:52.578514)
13:35:52.697 INFO  G.B.controller.ContentApiController - TABLE contents에 발췌문 정보[id:9, member_id:1, book_id:1, extracted_page:100, extracted_content:발췌 내용]가 생성되었습니다. (생성시점: 2021-06-14T13:35:52.692853)
13:35:52.741 INFO  G.B.controller.ContentApiController - TABLE contents에 발췌문 정보[id:10, member_id:1, book_id:1, extracted_page:100, extracted_content:발췌 내용]가 생성되었습니다. (생성시점: 2021-06-14T13:35:52.736501)
13:35:52.812 INFO  G.B.controller.ContentApiController - TABLE contents에 발췌문 정보[id:11, member_id:1, book_id:1, extracted_page:100, extracted_content:발췌 내용]가 생성되었습니다. (생성시점: 2021-06-14T13:35:52.806812)
15:05:23.165 INFO  G.B.c.ContentApiControllerTest - Starting ContentApiControllerTest using Java 15.0.3 on gojaeui-MacBook-Pro.local with PID 19495 (started by gojae in /Users/gojae/Downloads/BookRecord)
15:05:23.179 INFO  G.B.c.ContentApiControllerTest - No active profile set, falling back to default profiles: default
15:05:35.075 INFO  G.B.c.ContentApiControllerTest - Started ContentApiControllerTest in 12.997 seconds (JVM running for 18.508)
